<?xml version="1.0" encoding="UTF-8"?>
<summary Implementation-Title="Canoo Webtest" Implementation-Version="R_1708">
    <testresult endtime="Tue Sep 09 20:32:19 EDT 2008" location=": "
        starttime="Tue Sep 09 20:32:16 EDT 2008" successful="yes" testspecname="Plugin basic operations: view list, create new entry, view, edit, delete, view">
        <config>
            <parameter name="port" value="8080"/>
            <parameter name="summary" value="yes"/>
            <parameter name="protocol" value="http"/>
            <parameter name="host" value="localhost"/>
            <parameter name="resultpath" value="c:\grails_apps\survey\webtest\reports"/>
            <parameter name="saveprefix" value="response"/>
            <parameter name="basepath" value="survey"/>
            <parameter name="resultfile" value="WebTestReport.xml"/>
            <parameter name="haltonerror" value="no"/>
            <parameter name="errorproperty" value="webTestError"/>
            <parameter name="saveresponse" value="yes"/>
            <parameter name="haltonfailure" value="no"/>
            <parameter name="failureproperty" value="webTestFailure"/>
            <parameter name="autorefresh" value="false"/>
            <parameter name="showhtmlparseroutput" value="yes"/>
            <parameter name="timeout" value="300"/>
        </config>
        <results>
            <step duration="1860" result="completed" taskName="invoke">
                <parameter name="-> complete url" value="http://localhost:8080/survey/plugin"/>
                <parameter name="nested text" value="plugin"/>
                <resultFile name="001_response_invoke.html"/>
                <htmlparser>
                    <error col="60" line="4" url="http://localhost:8080/survey/plugin/list">Missing attribute name.</error>
                    <error col="89" line="5" url="http://localhost:8080/survey/plugin/list">Missing attribute name.</error>
                    <error col="75" line="6" url="http://localhost:8080/survey/plugin/list">Missing attribute name.</error>
                    <error col="44" line="7" url="http://localhost:8080/survey/plugin/list">Missing attribute name.</error>
                    <error col="65" line="13" url="http://localhost:8080/survey/plugin/list">Missing attribute name.</error>
                    <error col="82" line="15" url="http://localhost:8080/survey/plugin/list">Missing attribute name.</error>
                </htmlparser>
            </step>
            <step duration="15" result="completed" taskName="verifyText">
                <parameter name="nested text" value="Home"/>
            </step>
            <step description="verify Plugin list view with 0 row(s)" duration="16"
                result="completed" taskName="group">
                <step duration="0" result="completed" taskName="verifyText">
                    <parameter name="nested text" value="Plugin List"/>
                </step>
                <step description="0 row(s) of data expected" duration="16" result="completed" taskName="verifyXPath">
                    <parameter name="text" value="0"/>
                    <parameter name="xpath" value="count(//div[@class='list']//tbody/tr)"/>
                </step>
            </step>
            <step duration="188" result="completed" taskName="clickLink">
                <parameter name="nested text" value="New Plugin"/>
                <resultFile name="002_response_clickLink.html"/>
                <htmlparser>
                    <error col="60" line="4" url="http://localhost:8080/survey/plugin/create">Missing attribute name.</error>
                    <error col="89" line="5" url="http://localhost:8080/survey/plugin/create">Missing attribute name.</error>
                    <error col="75" line="6" url="http://localhost:8080/survey/plugin/create">Missing attribute name.</error>
                    <error col="44" line="7" url="http://localhost:8080/survey/plugin/create">Missing attribute name.</error>
                    <error col="65" line="13" url="http://localhost:8080/survey/plugin/create">Missing attribute name.</error>
                    <error col="82" line="15" url="http://localhost:8080/survey/plugin/create">Missing attribute name.</error>
                    <error col="86" line="33" url="http://localhost:8080/survey/plugin/create">Missing attribute name.</error>
                    <error col="84" line="42" url="http://localhost:8080/survey/plugin/create">Missing attribute name.</error>
                    <error col="100" line="51" url="http://localhost:8080/survey/plugin/create">Missing attribute name.</error>
                    <error col="94" line="60" url="http://localhost:8080/survey/plugin/create">Missing attribute name.</error>
                    <error col="86" line="69" url="http://localhost:8080/survey/plugin/create">Missing attribute name.</error>
                    <error col="100" line="78" url="http://localhost:8080/survey/plugin/create">Missing attribute name.</error>
                    <error col="91" line="86" url="http://localhost:8080/survey/plugin/create">Missing attribute name.</error>
                </htmlparser>
            </step>
            <step duration="15" result="completed" taskName="verifyText">
                <parameter name="nested text" value="Create Plugin"/>
            </step>
            <step duration="31" result="completed" taskName="setInputField">
                <parameter name="name" value="name"/>
                <parameter name="value" value="test_plugin"/>
            </step>
            <step duration="0" result="completed" taskName="setInputField">
                <parameter name="name" value="ver"/>
                <parameter name="value" value="0.1"/>
            </step>
            <step duration="0" result="completed" taskName="setInputField">
                <parameter name="name" value="description"/>
                <parameter name="value" value="test plugin"/>
            </step>
            <step duration="0" result="completed" taskName="setInputField">
                <parameter name="name" value="rating"/>
                <parameter name="value" value="1"/>
            </step>
            <step duration="0" result="completed" taskName="setInputField">
                <parameter name="name" value="link"/>
                <parameter name="value" value="http://grails.org/Plugins/Test+Plugin"/>
            </step>
            <step duration="0" result="completed" taskName="setInputField">
                <parameter name="name" value="totalVotes"/>
                <parameter name="value" value="2"/>
            </step>
            <step duration="297" result="completed" taskName="clickButton">
                <parameter name="nested text" value="Create"/>
                <resultFile name="003_response_clickButton.html"/>
                <htmlparser>
                    <error col="60" line="4" url="http://localhost:8080/survey/plugin/show/1;jsessionid=1gfnriqb6rve">Missing attribute name.</error>
                    <error col="89" line="5" url="http://localhost:8080/survey/plugin/show/1;jsessionid=1gfnriqb6rve">Missing attribute name.</error>
                    <error col="75" line="6" url="http://localhost:8080/survey/plugin/show/1;jsessionid=1gfnriqb6rve">Missing attribute name.</error>
                    <error col="44" line="7" url="http://localhost:8080/survey/plugin/show/1;jsessionid=1gfnriqb6rve">Missing attribute name.</error>
                    <error col="65" line="13" url="http://localhost:8080/survey/plugin/show/1;jsessionid=1gfnriqb6rve">Missing attribute name.</error>
                    <error col="82" line="15" url="http://localhost:8080/survey/plugin/show/1;jsessionid=1gfnriqb6rve">Missing attribute name.</error>
                    <error col="62" line="96" url="http://localhost:8080/survey/plugin/show/1;jsessionid=1gfnriqb6rve">Missing attribute name.</error>
                    <error col="109" line="97" url="http://localhost:8080/survey/plugin/show/1;jsessionid=1gfnriqb6rve">Missing attribute name.</error>
                    <error col="158" line="98" url="http://localhost:8080/survey/plugin/show/1;jsessionid=1gfnriqb6rve">Missing attribute name.</error>
                </htmlparser>
            </step>
            <step description="Detail page" duration="0" result="completed" taskName="verifyText">
                <parameter name="nested text" value="Show Plugin"/>
            </step>
            <step description="Back to list view" duration="63" result="completed" taskName="clickLink">
                <parameter name="nested text" value="List"/>
                <resultFile name="004_response_clickLink.html"/>
                <htmlparser>
                    <error col="60" line="4" url="http://localhost:8080/survey/plugin/list">Missing attribute name.</error>
                    <error col="89" line="5" url="http://localhost:8080/survey/plugin/list">Missing attribute name.</error>
                    <error col="75" line="6" url="http://localhost:8080/survey/plugin/list">Missing attribute name.</error>
                    <error col="44" line="7" url="http://localhost:8080/survey/plugin/list">Missing attribute name.</error>
                    <error col="65" line="13" url="http://localhost:8080/survey/plugin/list">Missing attribute name.</error>
                    <error col="82" line="15" url="http://localhost:8080/survey/plugin/list">Missing attribute name.</error>
                </htmlparser>
            </step>
            <step description="verify Plugin list view with 1 row(s)" duration="0"
                result="completed" taskName="group">
                <step duration="0" result="completed" taskName="verifyText">
                    <parameter name="nested text" value="Plugin List"/>
                </step>
                <step description="1 row(s) of data expected" duration="0" result="completed" taskName="verifyXPath">
                    <parameter name="text" value="1"/>
                    <parameter name="xpath" value="count(//div[@class='list']//tbody/tr)"/>
                </step>
            </step>
            <step description="edit the one element" duration="344" result="completed" taskName="group">
                <step description="go to detail view" duration="47" result="completed" taskName="clickLink">
                    <parameter name="nested text" value="1"/>
                    <resultFile name="005_response_clickLink.html"/>
                    <htmlparser>
                        <error col="60" line="4" url="http://localhost:8080/survey/plugin/show/1">Missing attribute name.</error>
                        <error col="89" line="5" url="http://localhost:8080/survey/plugin/show/1">Missing attribute name.</error>
                        <error col="75" line="6" url="http://localhost:8080/survey/plugin/show/1">Missing attribute name.</error>
                        <error col="44" line="7" url="http://localhost:8080/survey/plugin/show/1">Missing attribute name.</error>
                        <error col="65" line="13" url="http://localhost:8080/survey/plugin/show/1">Missing attribute name.</error>
                        <error col="82" line="15" url="http://localhost:8080/survey/plugin/show/1">Missing attribute name.</error>
                        <error col="62" line="94" url="http://localhost:8080/survey/plugin/show/1">Missing attribute name.</error>
                        <error col="109" line="95" url="http://localhost:8080/survey/plugin/show/1">Missing attribute name.</error>
                        <error col="158" line="96" url="http://localhost:8080/survey/plugin/show/1">Missing attribute name.</error>
                    </htmlparser>
                </step>
                <step duration="187" result="completed" taskName="clickButton">
                    <parameter name="nested text" value="Edit"/>
                    <resultFile name="006_response_clickButton.html"/>
                    <htmlparser>
                        <error col="60" line="4" url="http://localhost:8080/survey/plugin/index">Missing attribute name.</error>
                        <error col="89" line="5" url="http://localhost:8080/survey/plugin/index">Missing attribute name.</error>
                        <error col="75" line="6" url="http://localhost:8080/survey/plugin/index">Missing attribute name.</error>
                        <error col="44" line="7" url="http://localhost:8080/survey/plugin/index">Missing attribute name.</error>
                        <error col="65" line="13" url="http://localhost:8080/survey/plugin/index">Missing attribute name.</error>
                        <error col="82" line="15" url="http://localhost:8080/survey/plugin/index">Missing attribute name.</error>
                        <error col="58" line="25" url="http://localhost:8080/survey/plugin/index">Missing attribute name.</error>
                        <error col="97" line="35" url="http://localhost:8080/survey/plugin/index">Missing attribute name.</error>
                        <error col="87" line="44" url="http://localhost:8080/survey/plugin/index">Missing attribute name.</error>
                        <error col="111" line="53" url="http://localhost:8080/survey/plugin/index">Missing attribute name.</error>
                        <error col="94" line="62" url="http://localhost:8080/survey/plugin/index">Missing attribute name.</error>
                        <error col="123" line="71" url="http://localhost:8080/survey/plugin/index">Missing attribute name.</error>
                        <error col="100" line="80" url="http://localhost:8080/survey/plugin/index">Missing attribute name.</error>
                        <error col="113" line="102" url="http://localhost:8080/survey/plugin/index">Missing attribute name.</error>
                        <error col="158" line="103" url="http://localhost:8080/survey/plugin/index">Missing attribute name.</error>
                    </htmlparser>
                </step>
                <step duration="0" result="completed" taskName="verifyText">
                    <parameter name="nested text" value="Edit Plugin"/>
                </step>
                <step duration="63" result="completed" taskName="clickButton">
                    <parameter name="nested text" value="Update"/>
                    <resultFile name="007_response_clickButton.html"/>
                    <htmlparser>
                        <error col="60" line="4" url="http://localhost:8080/survey/plugin/show/1">Missing attribute name.</error>
                        <error col="89" line="5" url="http://localhost:8080/survey/plugin/show/1">Missing attribute name.</error>
                        <error col="75" line="6" url="http://localhost:8080/survey/plugin/show/1">Missing attribute name.</error>
                        <error col="44" line="7" url="http://localhost:8080/survey/plugin/show/1">Missing attribute name.</error>
                        <error col="65" line="13" url="http://localhost:8080/survey/plugin/show/1">Missing attribute name.</error>
                        <error col="82" line="15" url="http://localhost:8080/survey/plugin/show/1">Missing attribute name.</error>
                        <error col="62" line="96" url="http://localhost:8080/survey/plugin/show/1">Missing attribute name.</error>
                        <error col="109" line="97" url="http://localhost:8080/survey/plugin/show/1">Missing attribute name.</error>
                        <error col="158" line="98" url="http://localhost:8080/survey/plugin/show/1">Missing attribute name.</error>
                    </htmlparser>
                </step>
                <step duration="0" result="completed" taskName="verifyText">
                    <parameter name="nested text" value="Show Plugin"/>
                </step>
                <step description="Back to list view" duration="47" result="completed" taskName="clickLink">
                    <parameter name="nested text" value="List"/>
                    <resultFile name="008_response_clickLink.html"/>
                    <htmlparser>
                        <error col="60" line="4" url="http://localhost:8080/survey/plugin/list">Missing attribute name.</error>
                        <error col="89" line="5" url="http://localhost:8080/survey/plugin/list">Missing attribute name.</error>
                        <error col="75" line="6" url="http://localhost:8080/survey/plugin/list">Missing attribute name.</error>
                        <error col="44" line="7" url="http://localhost:8080/survey/plugin/list">Missing attribute name.</error>
                        <error col="65" line="13" url="http://localhost:8080/survey/plugin/list">Missing attribute name.</error>
                        <error col="82" line="15" url="http://localhost:8080/survey/plugin/list">Missing attribute name.</error>
                    </htmlparser>
                </step>
            </step>
            <step description="verify Plugin list view with 1 row(s)" duration="0"
                result="completed" taskName="group">
                <step duration="0" result="completed" taskName="verifyText">
                    <parameter name="nested text" value="Plugin List"/>
                </step>
                <step description="1 row(s) of data expected" duration="0" result="completed" taskName="verifyXPath">
                    <parameter name="text" value="1"/>
                    <parameter name="xpath" value="count(//div[@class='list']//tbody/tr)"/>
                </step>
            </step>
            <step description="delete the only element" duration="125" result="completed" taskName="group">
                <step description="go to detail view" duration="46" result="completed" taskName="clickLink">
                    <parameter name="nested text" value="1"/>
                    <resultFile name="009_response_clickLink.html"/>
                    <htmlparser>
                        <error col="60" line="4" url="http://localhost:8080/survey/plugin/show/1">Missing attribute name.</error>
                        <error col="89" line="5" url="http://localhost:8080/survey/plugin/show/1">Missing attribute name.</error>
                        <error col="75" line="6" url="http://localhost:8080/survey/plugin/show/1">Missing attribute name.</error>
                        <error col="44" line="7" url="http://localhost:8080/survey/plugin/show/1">Missing attribute name.</error>
                        <error col="65" line="13" url="http://localhost:8080/survey/plugin/show/1">Missing attribute name.</error>
                        <error col="82" line="15" url="http://localhost:8080/survey/plugin/show/1">Missing attribute name.</error>
                        <error col="62" line="94" url="http://localhost:8080/survey/plugin/show/1">Missing attribute name.</error>
                        <error col="109" line="95" url="http://localhost:8080/survey/plugin/show/1">Missing attribute name.</error>
                        <error col="158" line="96" url="http://localhost:8080/survey/plugin/show/1">Missing attribute name.</error>
                    </htmlparser>
                </step>
                <step duration="63" result="completed" taskName="clickButton">
                    <parameter name="nested text" value="Delete"/>
                    <resultFile name="010_response_clickButton.html"/>
                    <htmlparser>
                        <error col="60" line="4" url="http://localhost:8080/survey/plugin/list">Missing attribute name.</error>
                        <error col="89" line="5" url="http://localhost:8080/survey/plugin/list">Missing attribute name.</error>
                        <error col="75" line="6" url="http://localhost:8080/survey/plugin/list">Missing attribute name.</error>
                        <error col="44" line="7" url="http://localhost:8080/survey/plugin/list">Missing attribute name.</error>
                        <error col="65" line="13" url="http://localhost:8080/survey/plugin/list">Missing attribute name.</error>
                        <error col="82" line="15" url="http://localhost:8080/survey/plugin/list">Missing attribute name.</error>
                    </htmlparser>
                </step>
                <step duration="16" result="completed" taskName="verifyXPath">
                    <parameter name="regex" value="true"/>
                    <parameter name="text" value=".*Plugin.*deleted.*"/>
                    <parameter name="xpath" value="//div[@class='message']"/>
                </step>
            </step>
            <step description="verify Plugin list view with 0 row(s)" duration="0"
                result="completed" taskName="group">
                <step duration="0" result="completed" taskName="verifyText">
                    <parameter name="nested text" value="Plugin List"/>
                </step>
                <step description="0 row(s) of data expected" duration="0" result="completed" taskName="verifyXPath">
                    <parameter name="text" value="0"/>
                    <parameter name="xpath" value="count(//div[@class='list']//tbody/tr)"/>
                </step>
            </step>
        </results>
    </testresult>
</summary>
